<?xml version="1.0" encoding="UTF-8"?>
<!-- Generated by org.testng.reporters.JUnitXMLReporter -->
<testsuite ignored="0" hostname="ANKITKUMAR" failures="0" tests="3" name="Default test" time="0.084" errors="0" timestamp="2026-01-08T02:30:08 IST">
  <testcase classname="ShammiPackage.TestNGprovider" name="fun" time="0.011"/>
  <testcase classname="ShammiPackage.TestNGprovider" name="fun" time="0.002"/>
  <testcase classname="ShammiPackage.TestNGprovider" name="fun" time="0.002"/>
</testsuite> <!-- Default test -->
