<?xml version="1.0" encoding="UTF-8"?>
<testng-results ignored="0" total="3" passed="3" failed="0" skipped="0">
  <reporter-output>
  </reporter-output>
  <suite started-at="2026-01-08T02:30:08 IST" name="Default suite" finished-at="2026-01-08T02:30:08 IST" duration-ms="84">
    <groups>
    </groups>
    <test started-at="2026-01-08T02:30:08 IST" name="Default test" finished-at="2026-01-08T02:30:08 IST" duration-ms="84">
      <class name="ShammiPackage.TestNGprovider">
        <test-method signature="fun(java.lang.String,java.lang.String)[pri:0, instance:ShammiPackage.TestNGprovider@6d3a388c]" started-at="2026-01-08T02:30:08 IST" name="fun" data-provider="getData" finished-at="2026-01-08T02:30:08 IST" duration-ms="11" status="PASS">
          <params>
            <param index="0">
              <value>
                <![CDATA[firstsetusername]]>
              </value>
            </param>
            <param index="1">
              <value>
                <![CDATA[firstpassword]]>
              </value>
            </param>
          </params>
          <reporter-output>
          </reporter-output>
        </test-method> <!-- fun -->
        <test-method signature="fun(java.lang.String,java.lang.String)[pri:0, instance:ShammiPackage.TestNGprovider@6d3a388c]" started-at="2026-01-08T02:30:08 IST" name="fun" data-provider="getData" finished-at="2026-01-08T02:30:08 IST" duration-ms="2" status="PASS">
          <params>
            <param index="0">
              <value>
                <![CDATA[secondsetusername]]>
              </value>
            </param>
            <param index="1">
              <value>
                <![CDATA[secondpassword]]>
              </value>
            </param>
          </params>
          <reporter-output>
          </reporter-output>
        </test-method> <!-- fun -->
        <test-method signature="fun(java.lang.String,java.lang.String)[pri:0, instance:ShammiPackage.TestNGprovider@6d3a388c]" started-at="2026-01-08T02:30:08 IST" name="fun" data-provider="getData" finished-at="2026-01-08T02:30:08 IST" duration-ms="2" status="PASS">
          <params>
            <param index="0">
              <value>
                <![CDATA[thirdsetusername]]>
              </value>
            </param>
            <param index="1">
              <value>
                <![CDATA[thirdpassword]]>
              </value>
            </param>
          </params>
          <reporter-output>
          </reporter-output>
        </test-method> <!-- fun -->
      </class> <!-- ShammiPackage.TestNGprovider -->
    </test> <!-- Default test -->
  </suite> <!-- Default suite -->
</testng-results>
