<?xml version="1.0" encoding="UTF-8"?>
<!-- Generated by org.testng.reporters.JUnitReportReporter -->
<testsuite hostname="ANKITKUMAR" failures="0" tests="3" name="ShammiPackage.TestNGprovider" time="0.015" errors="0" timestamp="2026-01-08T02:30:08 IST" skipped="0">
  <testcase classname="ShammiPackage.TestNGprovider" name="fun" time="0.011"/>
  <system-out/>
  <testcase classname="ShammiPackage.TestNGprovider" name="fun" time="0.002"/>
  <system-out/>
  <testcase classname="ShammiPackage.TestNGprovider" name="fun" time="0.002"/>
  <system-out/>
</testsuite> <!-- ShammiPackage.TestNGprovider -->
